%!Adobe-FontList 1.23
%Locale:0x409

%BeginFont
Handler:DirectoryHandler
FontType:TrueType
FontName:Algerian
FamilyName:Algerian
StyleName:Regular
FullName:Algerian
MenuName:Algerian
StyleBits:0
WritingScript:Roman
OutlineFileName:C:\Users\SWStudent\me\Multimedia\SHISHANGBASHA_WANGJUNKAI Folder\Document fonts\ALGER.TTF
DataFormat:sfntData
hasSVG:no
VariableFontType:NonVariableFont
FileLength:76588
FileModTime:1747765219
WeightClass:400
WidthClass:2
AngleClass:0
NameArray:0,Mac,4,Algerian
NameArray:0,Win,1,Algerian
%EndFont

%BeginFont
Handler:DirectoryHandler
FontType:TrueType
FontName:ArialRoundedMTBold
FamilyName:Arial Rounded MT Bold
StyleName:Regular
FullName:Arial Rounded MT Bold
MenuName:Arial Rounded MT Bold
StyleBits:0
WritingScript:Roman
OutlineFileName:C:\Users\SWStudent\me\Multimedia\SHISHANGBASHA_WANGJUNKAI Folder\Document fonts\ARLRDBD.TTF
DataFormat:sfntData
hasSVG:no
VariableFontType:NonVariableFont
FileLength:45260
FileModTime:1747765219
WeightClass:400
WidthClass:5
AngleClass:0
NameArray:0,Mac,4,Arial Rounded MT Bold
NameArray:0,Win,1,Arial Rounded MT Bold
%EndFont

