%!Adobe-FontList 1.23
%Locale:0x409

%BeginFont
Handler:DirectoryHandler
FontType:TrueType
FontName:ArialRoundedMTBold
FamilyName:Arial Rounded MT Bold
StyleName:Regular
FullName:Arial Rounded MT Bold
MenuName:Arial Rounded MT Bold
StyleBits:0
WritingScript:Roman
OutlineFileName:C:\Users\SWStudent\me\Multimedia\my_newspaper Folder\Document fonts\ARLRDBD.TTF
DataFormat:sfntData
hasSVG:no
VariableFontType:NonVariableFont
FileLength:45260
FileModTime:1747765219
WeightClass:400
WidthClass:5
AngleClass:0
NameArray:0,Mac,4,Arial Rounded MT Bold
NameArray:0,Win,1,Arial Rounded MT Bold
%EndFont

%BeginFont
Handler:DirectoryHandler
FontType:TrueType
FontName:CalisMTBol
FamilyName:Calisto MT
StyleName:Bold
FullName:Calisto MT Bold
MenuName:Calisto MT
StyleBits:2
WritingScript:Roman
OutlineFileName:C:\Users\SWStudent\me\Multimedia\my_newspaper Folder\Document fonts\CALISTB.TTF
DataFormat:sfntData
hasSVG:no
VariableFontType:NonVariableFont
FileLength:85080
FileModTime:1747765222
WeightClass:700
WidthClass:5
AngleClass:0
NameArray:0,Mac,4,Calisto MT Bold
NameArray:0,Win,1,Calisto MT
%EndFont

%BeginFont
Handler:DirectoryHandler
FontType:Type1
FontName:MinionPro-Regular
FamilyName:Minion Pro
StyleName:Regular
FullName:Minion Pro
MenuName:Minion Pro
StyleBits:0
WritingScript:Roman
OutlineFileName:C:\Users\SWStudent\me\Multimedia\my_newspaper Folder\Document fonts\MinionPro-Regular.otf
DataFormat:sfntData
UsesStandardEncoding:yes
isCFF:yes
hasSVG:no
VariableFontType:NonVariableFont
FileLength:218640
FileModTime:1769580144
WeightClass:400
WidthClass:5
AngleClass:0
DesignSize:110
NameArray:0,Mac,4,Minion Pro
NameArray:0,Win,1,Minion Pro
%EndFont

%BeginFont
Handler:DirectoryHandler
FontType:TrueType
FontName:Arial-BoldMT
FamilyName:Arial
StyleName:Bold
FullName:Arial Bold
MenuName:Arial
StyleBits:2
WritingScript:Roman
OutlineFileName:C:\Users\SWStudent\me\Multimedia\my_newspaper Folder\Document fonts\arialbd.ttf
DataFormat:sfntData
hasSVG:no
VariableFontType:NonVariableFont
FileLength:990208
FileModTime:1651900758
WeightClass:700
WidthClass:5
AngleClass:0
NameArray:0,Mac,4,Arial Bold
NameArray:0,Win,1,Arial
%EndFont

%BeginFont
Handler:DirectoryHandler
FontType:TrueType
FontName:Arial-BoldItalicMT
FamilyName:Arial
StyleName:Bold Italic
FullName:Arial Bold Italic
MenuName:Arial
StyleBits:3
WritingScript:Roman
OutlineFileName:C:\Users\SWStudent\me\Multimedia\my_newspaper Folder\Document fonts\arialbi.ttf
DataFormat:sfntData
hasSVG:no
VariableFontType:NonVariableFont
FileLength:730804
FileModTime:1651900758
WeightClass:700
WidthClass:5
AngleClass:1
NameArray:0,Mac,4,Arial Bold Italic
NameArray:0,Win,1,Arial
%EndFont

