%!Adobe-FontList 1.23
%Locale:0x409

%BeginFont
Handler:DirectoryHandler
FontType:TrueType
FontName:Algerian
FamilyName:Algerian
StyleName:Regular
FullName:Algerian
MenuName:Algerian
StyleBits:0
WritingScript:Roman
OutlineFileName:C:\Users\SWStudent\me\Multimedia\Wang Junkai Folder\Document fonts\ALGER.TTF
DataFormat:sfntData
hasSVG:no
VariableFontType:NonVariableFont
FileLength:76588
FileModTime:1747765219
WeightClass:400
WidthClass:2
AngleClass:0
NameArray:0,Mac,4,Algerian
NameArray:0,Win,1,Algerian
%EndFont

%BeginFont
Handler:DirectoryHandler
FontType:TrueType
FontName:ArialNarrow-Bold
FamilyName:Arial
StyleName:Narrow Bold
FullName:Arial Narrow Bold
MenuName:Arial Narrow
StyleBits:2
WritingScript:Roman
OutlineFileName:C:\Users\SWStudent\me\Multimedia\Wang Junkai Folder\Document fonts\ARIALNB.TTF
DataFormat:sfntData
hasSVG:no
VariableFontType:NonVariableFont
FileLength:180740
FileModTime:1747765219
WeightClass:700
WidthClass:3
AngleClass:0
NameArray:0,Mac,4,Arial Narrow Bold
NameArray:0,Win,1,Arial Narrow
NameArray:0,Win,16,Arial
%EndFont

%BeginFont
Handler:DirectoryHandler
FontType:Type1
FontName:AcuminVariableConcept
FamilyName:Acumin Variable Concept
StyleName:Default
FullName:Acumin Variable Concept Default
MenuName:Acumin Variable Concept
FamilyPrefix:AcuminConcept
StyleBits:0
WritingScript:Roman
OutlineFileName:C:\Users\SWStudent\me\Multimedia\Wang Junkai Folder\Document fonts\AcuminVariableConcept.otf
DataFormat:sfntData
UsesStandardEncoding:yes
isCFF:yes
hasSVG:no
VariableFontType:CFF2VariableFont
FileLength:1029036
FileModTime:1769580144
WeightClass:275
WidthClass:5
AngleClass:0
NameArray:0,Win,1,Acumin Variable Concept
%EndFont

%BeginFont
Handler:DirectoryHandler
FontType:Type1
FontName:MinionPro-Regular
FamilyName:Minion Pro
StyleName:Regular
FullName:Minion Pro
MenuName:Minion Pro
StyleBits:0
WritingScript:Roman
OutlineFileName:C:\Users\SWStudent\me\Multimedia\Wang Junkai Folder\Document fonts\MinionPro-Regular.otf
DataFormat:sfntData
UsesStandardEncoding:yes
isCFF:yes
hasSVG:no
VariableFontType:NonVariableFont
FileLength:218640
FileModTime:1769580144
WeightClass:400
WidthClass:5
AngleClass:0
DesignSize:110
NameArray:0,Mac,4,Minion Pro
NameArray:0,Win,1,Minion Pro
%EndFont

